Epoch-1    20 batches	loss 3.8148 (4.0152)	accu 10.938 (6.797)
Epoch-1    40 batches	loss 3.6726 (3.8167)	accu 14.062 (9.609)
Epoch-1    60 batches	loss 3.1843 (3.6648)	accu 20.312 (12.474)
Epoch-1    80 batches	loss 3.0313 (3.5407)	accu 26.562 (14.590)
Epoch-1   100 batches	loss 2.7186 (3.4204)	accu 35.938 (16.656)
Epoch-1   120 batches	loss 2.4800 (3.3148)	accu 45.312 (19.323)
Epoch-1   140 batches	loss 2.9611 (3.2373)	accu 23.438 (21.116)
Epoch-1   160 batches	loss 2.5141 (3.1556)	accu 37.500 (23.213)
Epoch-1   180 batches	loss 2.3098 (3.0899)	accu 43.750 (25.017)
Epoch-1   200 batches	loss 2.3454 (3.0304)	accu 42.188 (26.500)
Epoch-1   220 batches	loss 2.3945 (2.9749)	accu 40.625 (27.855)
Epoch-1   240 batches	loss 2.5325 (2.9238)	accu 45.312 (29.049)
Epoch-1   260 batches	loss 2.3878 (2.8778)	accu 40.625 (30.337)
Epoch-1   280 batches	loss 2.3832 (2.8366)	accu 43.750 (31.356)
Epoch-1   300 batches	loss 2.4164 (2.8007)	accu 43.750 (32.286)
Epoch-1   320 batches	loss 2.2165 (2.7669)	accu 43.750 (33.174)
Epoch-1   340 batches	loss 2.1497 (2.7335)	accu 50.000 (34.104)
Epoch-1   360 batches	loss 2.1594 (2.7010)	accu 60.938 (35.004)
Epoch-1   380 batches	loss 1.9848 (2.6720)	accu 53.125 (35.913)
Epoch-1   400 batches	loss 2.2346 (2.6442)	accu 50.000 (36.711)
Epoch-1   420 batches	loss 2.2038 (2.6172)	accu 50.000 (37.504)
Epoch-1   440 batches	loss 2.3019 (2.5933)	accu 48.438 (38.263)
Epoch-1   460 batches	loss 2.1012 (2.5679)	accu 45.312 (38.933)
Epoch-1   480 batches	loss 1.9404 (2.5445)	accu 60.938 (39.710)
Epoch-1   500 batches	loss 2.0464 (2.5243)	accu 53.125 (40.353)
Epoch-1   520 batches	loss 2.0726 (2.5049)	accu 59.375 (40.919)
Epoch-1   540 batches	loss 1.9484 (2.4871)	accu 62.500 (41.400)
Epoch-1   560 batches	loss 2.0454 (2.4680)	accu 54.688 (41.984)
Epoch-1   580 batches	loss 1.9439 (2.4478)	accu 50.000 (42.605)
Epoch-1   600 batches	loss 2.0707 (2.4302)	accu 59.375 (43.174)
Epoch-1   620 batches	loss 1.8171 (2.4135)	accu 62.500 (43.707)
Epoch-1   169.5s	Train: loss 2.4089	accu 43.8723	Valid: loss 1.8452	accu 62.3662
Epoch 1: val_acc improved from -inf to 62.3662, saving model to ./checkpoints/cs_best.pth
Epoch-2    20 batches	loss 1.7482 (1.8517)	accu 64.062 (60.547)
Epoch-2    40 batches	loss 1.7896 (1.8395)	accu 64.062 (61.758)
Epoch-2    60 batches	loss 2.1076 (1.8321)	accu 54.688 (62.344)
Epoch-2    80 batches	loss 1.8837 (1.8312)	accu 54.688 (62.402)
Epoch-2   100 batches	loss 1.6932 (1.8351)	accu 73.438 (62.062)
Epoch-2   120 batches	loss 1.7311 (1.8301)	accu 62.500 (62.096)
Epoch-2   140 batches	loss 1.8351 (1.8362)	accu 62.500 (62.020)
Epoch-2   160 batches	loss 1.8636 (1.8399)	accu 62.500 (62.139)
Epoch-2   180 batches	loss 1.6784 (1.8381)	accu 65.625 (62.352)
Epoch-2   200 batches	loss 1.8383 (1.8405)	accu 65.625 (62.312)
Epoch-2   220 batches	loss 1.6584 (1.8397)	accu 73.438 (62.372)
Epoch-2   240 batches	loss 1.7962 (1.8389)	accu 67.188 (62.448)
Epoch-2   260 batches	loss 1.6996 (1.8354)	accu 65.625 (62.578)
Epoch-2   280 batches	loss 2.0594 (1.8313)	accu 54.688 (62.695)
Epoch-2   300 batches	loss 1.6716 (1.8225)	accu 68.750 (62.990)
Epoch-2   320 batches	loss 1.5098 (1.8164)	accu 75.000 (63.301)
Epoch-2   340 batches	loss 1.8382 (1.8121)	accu 65.625 (63.433)
Epoch-2   360 batches	loss 1.6204 (1.8075)	accu 73.438 (63.555)
Epoch-2   380 batches	loss 2.0276 (1.8015)	accu 65.625 (63.746)
Epoch-2   400 batches	loss 1.9600 (1.7994)	accu 56.250 (63.820)
Epoch-2   420 batches	loss 1.6357 (1.7947)	accu 68.750 (64.089)
Epoch-2   440 batches	loss 1.7949 (1.7915)	accu 68.750 (64.276)
Epoch-2   460 batches	loss 1.6572 (1.7877)	accu 62.500 (64.419)
Epoch-2   480 batches	loss 1.6001 (1.7851)	accu 73.438 (64.489)
Epoch-2   500 batches	loss 1.8459 (1.7830)	accu 59.375 (64.606)
Epoch-2   520 batches	loss 1.8141 (1.7806)	accu 62.500 (64.663)
Epoch-2   540 batches	loss 1.5687 (1.7768)	accu 70.312 (64.760)
Epoch-2   560 batches	loss 1.5581 (1.7736)	accu 71.875 (64.872)
Epoch-2   580 batches	loss 1.4761 (1.7688)	accu 75.000 (65.059)
Epoch-2   600 batches	loss 1.6772 (1.7679)	accu 65.625 (65.104)
Epoch-2   620 batches	loss 1.7606 (1.7650)	accu 67.188 (65.239)
Epoch-2   163.0s	Train: loss 1.7641	accu 65.2706	Valid: loss 1.6096	accu 70.7138
Epoch 2: val_acc improved from 62.3662 to 70.7138, saving model to ./checkpoints/cs_best.pth
Epoch-3    20 batches	loss 1.5069 (1.6136)	accu 76.562 (70.547)
Epoch-3    40 batches	loss 1.3686 (1.5975)	accu 75.000 (71.172)
Epoch-3    60 batches	loss 1.4862 (1.6060)	accu 78.125 (71.302)
Epoch-3    80 batches	loss 1.4949 (1.6129)	accu 75.000 (70.879)
Epoch-3   100 batches	loss 1.5698 (1.6162)	accu 68.750 (70.625)
Epoch-3   120 batches	loss 1.8350 (1.6171)	accu 60.938 (70.417)
Epoch-3   140 batches	loss 1.4890 (1.6211)	accu 78.125 (70.257)
Epoch-3   160 batches	loss 1.5231 (1.6139)	accu 78.125 (70.605)
Epoch-3   180 batches	loss 1.5703 (1.6147)	accu 71.875 (70.608)
Epoch-3   200 batches	loss 1.5052 (1.6130)	accu 73.438 (70.641)
Epoch-3   220 batches	loss 1.4312 (1.6087)	accu 75.000 (70.810)
Epoch-3   240 batches	loss 1.6853 (1.6071)	accu 65.625 (70.918)
Epoch-3   260 batches	loss 1.5766 (1.6040)	accu 67.188 (70.986)
Epoch-3   280 batches	loss 1.5758 (1.6017)	accu 71.875 (71.066)
Epoch-3   300 batches	loss 1.6816 (1.5980)	accu 67.188 (71.219)
Epoch-3   320 batches	loss 1.6864 (1.6030)	accu 64.062 (70.977)
Epoch-3   340 batches	loss 1.5108 (1.6059)	accu 78.125 (70.910)
Epoch-3   360 batches	loss 1.7497 (1.6054)	accu 59.375 (70.920)
Epoch-3   380 batches	loss 1.7269 (1.6034)	accu 60.938 (70.958)
Epoch-3   400 batches	loss 1.6878 (1.6014)	accu 70.312 (71.031)
Epoch-3   420 batches	loss 1.4307 (1.5995)	accu 76.562 (71.146)
Epoch-3   440 batches	loss 1.4271 (1.5990)	accu 81.250 (71.119)
Epoch-3   460 batches	loss 1.4750 (1.5979)	accu 79.688 (71.118)
Epoch-3   480 batches	loss 1.4145 (1.5968)	accu 81.250 (71.182)
Epoch-3   500 batches	loss 1.5311 (1.5969)	accu 71.875 (71.156)
Epoch-3   520 batches	loss 1.5167 (1.5938)	accu 76.562 (71.259)
Epoch-3   540 batches	loss 1.6331 (1.5930)	accu 67.188 (71.305)
Epoch-3   560 batches	loss 1.6442 (1.5924)	accu 68.750 (71.300)
Epoch-3   580 batches	loss 1.4172 (1.5910)	accu 76.562 (71.325)
Epoch-3   600 batches	loss 1.5156 (1.5904)	accu 73.438 (71.336)
Epoch-3   620 batches	loss 1.6514 (1.5884)	accu 68.750 (71.386)
Epoch-3   161.3s	Train: loss 1.5877	accu 71.4033	Valid: loss 1.5028	accu 74.9210
Epoch 3: val_acc improved from 70.7138 to 74.9210, saving model to ./checkpoints/cs_best.pth
Epoch-4    20 batches	loss 1.4522 (1.4951)	accu 78.125 (75.000)
Epoch-4    40 batches	loss 1.4646 (1.4972)	accu 76.562 (75.469)
Epoch-4    60 batches	loss 1.3707 (1.4940)	accu 76.562 (75.339)
Epoch-4    80 batches	loss 1.4783 (1.5006)	accu 79.688 (75.020)
Epoch-4   100 batches	loss 1.6670 (1.4977)	accu 67.188 (75.156)
Epoch-4   120 batches	loss 1.5516 (1.4984)	accu 71.875 (75.000)
Epoch-4   140 batches	loss 1.3998 (1.4957)	accu 79.688 (75.123)
Epoch-4   160 batches	loss 1.5053 (1.4927)	accu 71.875 (75.244)
Epoch-4   180 batches	loss 1.5905 (1.4941)	accu 71.875 (75.226)
Epoch-4   200 batches	loss 1.4419 (1.4938)	accu 75.000 (75.227)
Epoch-4   220 batches	loss 1.4537 (1.4880)	accu 73.438 (75.405)
